TN:
SF:src\index.js
FN:6,(anonymous_0)
FN:12,(anonymous_1)
FN:18,(anonymous_2)
FN:26,(anonymous_3)
FN:32,(anonymous_4)
FN:43,(anonymous_5)
FN:49,(anonymous_6)
FN:50,(anonymous_7)
FN:51,(anonymous_8)
FNF:9
FNH:9
FNDA:1,(anonymous_0)
FNDA:1,(anonymous_1)
FNDA:1,(anonymous_2)
FNDA:1,(anonymous_3)
FNDA:1,(anonymous_4)
FNDA:1,(anonymous_5)
FNDA:1,(anonymous_6)
FNDA:1,(anonymous_7)
FNDA:1,(anonymous_8)
DA:6,1
DA:7,1
DA:8,1
DA:9,1
DA:12,1
DA:13,1
DA:14,1
DA:15,1
DA:18,1
DA:19,1
DA:20,1
DA:22,1
DA:23,1
DA:25,1
DA:27,1
DA:29,1
DA:30,1
DA:32,1
DA:33,1
DA:34,1
DA:36,1
DA:37,1
DA:38,1
DA:40,1
DA:42,1
DA:43,1
DA:45,1
DA:48,1
DA:49,1
DA:50,1
DA:51,1
LF:31
LH:31
BRDA:9,0,0,0
BRDA:9,0,1,1
BRDA:18,1,0,0
BRDA:34,2,0,0
BRDA:34,2,1,1
BRF:5
BRH:2
end_of_record
